{"/home/dipo/scrape-ncdc/fx.js": {"path":"/home/dipo/scrape-ncdc/fx.js","statementMap":{"0":{"start":{"line":6,"column":26},"end":{"line":6,"column":41}},"1":{"start":{"line":7,"column":11},"end":{"line":7,"column":37}},"2":{"start":{"line":8,"column":16},"end":{"line":8,"column":34}},"3":{"start":{"line":9,"column":11},"end":{"line":9,"column":24}},"4":{"start":{"line":10,"column":13},"end":{"line":10,"column":35}},"5":{"start":{"line":11,"column":13},"end":{"line":11,"column":28}},"6":{"start":{"line":12,"column":17},"end":{"line":12,"column":52}},"7":{"start":{"line":13,"column":15},"end":{"line":13,"column":40}},"8":{"start":{"line":14,"column":21},"end":{"line":14,"column":46}},"9":{"start":{"line":15,"column":14},"end":{"line":15,"column":32}},"10":{"start":{"line":19,"column":0},"end":{"line":19,"column":17}},"11":{"start":{"line":20,"column":0},"end":{"line":20,"column":24}},"12":{"start":{"line":21,"column":0},"end":{"line":21,"column":26}},"13":{"start":{"line":30,"column":0},"end":{"line":43,"column":1}},"14":{"start":{"line":31,"column":4},"end":{"line":42,"column":7}},"15":{"start":{"line":32,"column":8},"end":{"line":41,"column":9}},"16":{"start":{"line":33,"column":21},"end":{"line":36,"column":14}},"17":{"start":{"line":38,"column":12},"end":{"line":38,"column":24}},"18":{"start":{"line":40,"column":12},"end":{"line":40,"column":26}},"19":{"start":{"line":56,"column":16},"end":{"line":56,"column":29}},"20":{"start":{"line":57,"column":0},"end":{"line":66,"column":3}},"21":{"start":{"line":59,"column":4},"end":{"line":65,"column":5}},"22":{"start":{"line":60,"column":8},"end":{"line":62,"column":9}},"23":{"start":{"line":61,"column":12},"end":{"line":61,"column":23}},"24":{"start":{"line":64,"column":8},"end":{"line":64,"column":40}},"25":{"start":{"line":76,"column":0},"end":{"line":83,"column":1}},"26":{"start":{"line":79,"column":14},"end":{"line":79,"column":110}},"27":{"start":{"line":80,"column":4},"end":{"line":80,"column":48}},"28":{"start":{"line":81,"column":4},"end":{"line":81,"column":22}},"29":{"start":{"line":82,"column":4},"end":{"line":82,"column":23}},"30":{"start":{"line":93,"column":0},"end":{"line":100,"column":1}},"31":{"start":{"line":96,"column":21},"end":{"line":96,"column":139}},"32":{"start":{"line":97,"column":4},"end":{"line":97,"column":42}},"33":{"start":{"line":98,"column":4},"end":{"line":98,"column":35}},"34":{"start":{"line":99,"column":4},"end":{"line":99,"column":30}},"35":{"start":{"line":110,"column":0},"end":{"line":118,"column":1}},"36":{"start":{"line":111,"column":20},"end":{"line":115,"column":5}},"37":{"start":{"line":114,"column":27},"end":{"line":114,"column":45}},"38":{"start":{"line":116,"column":4},"end":{"line":116,"column":63}},"39":{"start":{"line":117,"column":4},"end":{"line":117,"column":23}},"40":{"start":{"line":131,"column":0},"end":{"line":191,"column":1}},"41":{"start":{"line":133,"column":15},"end":{"line":133,"column":17}},"42":{"start":{"line":134,"column":18},"end":{"line":134,"column":20}},"43":{"start":{"line":136,"column":4},"end":{"line":136,"column":44}},"44":{"start":{"line":139,"column":4},"end":{"line":142,"column":5}},"45":{"start":{"line":140,"column":8},"end":{"line":140,"column":46}},"46":{"start":{"line":141,"column":8},"end":{"line":141,"column":19}},"47":{"start":{"line":144,"column":4},"end":{"line":144,"column":65}},"48":{"start":{"line":147,"column":4},"end":{"line":156,"column":5}},"49":{"start":{"line":148,"column":8},"end":{"line":150,"column":10}},"50":{"start":{"line":149,"column":12},"end":{"line":149,"column":50}},"51":{"start":{"line":152,"column":25},"end":{"line":152,"column":73}},"52":{"start":{"line":153,"column":8},"end":{"line":155,"column":9}},"53":{"start":{"line":153,"column":21},"end":{"line":153,"column":22}},"54":{"start":{"line":154,"column":12},"end":{"line":154,"column":40}},"55":{"start":{"line":158,"column":4},"end":{"line":158,"column":27}},"56":{"start":{"line":159,"column":23},"end":{"line":159,"column":115}},"57":{"start":{"line":160,"column":4},"end":{"line":160,"column":45}},"58":{"start":{"line":161,"column":4},"end":{"line":165,"column":5}},"59":{"start":{"line":162,"column":8},"end":{"line":162,"column":81}},"60":{"start":{"line":163,"column":8},"end":{"line":163,"column":55}},"61":{"start":{"line":164,"column":8},"end":{"line":164,"column":19}},"62":{"start":{"line":168,"column":4},"end":{"line":174,"column":7}},"63":{"start":{"line":169,"column":25},"end":{"line":169,"column":27}},"64":{"start":{"line":170,"column":8},"end":{"line":172,"column":10}},"65":{"start":{"line":171,"column":12},"end":{"line":171,"column":44}},"66":{"start":{"line":173,"column":8},"end":{"line":173,"column":30}},"67":{"start":{"line":177,"column":21},"end":{"line":177,"column":23}},"68":{"start":{"line":179,"column":4},"end":{"line":187,"column":7}},"69":{"start":{"line":180,"column":18},"end":{"line":184,"column":14}},"70":{"start":{"line":181,"column":12},"end":{"line":181,"column":38}},"71":{"start":{"line":182,"column":12},"end":{"line":182,"column":74}},"72":{"start":{"line":183,"column":12},"end":{"line":183,"column":21}},"73":{"start":{"line":185,"column":8},"end":{"line":185,"column":60}},"74":{"start":{"line":188,"column":4},"end":{"line":188,"column":45}},"75":{"start":{"line":189,"column":4},"end":{"line":189,"column":22}},"76":{"start":{"line":203,"column":0},"end":{"line":227,"column":1}},"77":{"start":{"line":206,"column":21},"end":{"line":206,"column":104}},"78":{"start":{"line":207,"column":4},"end":{"line":207,"column":66}},"79":{"start":{"line":209,"column":4},"end":{"line":226,"column":7}},"80":{"start":{"line":211,"column":8},"end":{"line":225,"column":10}},"81":{"start":{"line":212,"column":12},"end":{"line":212,"column":74}},"82":{"start":{"line":213,"column":12},"end":{"line":213,"column":24}},"83":{"start":{"line":215,"column":12},"end":{"line":215,"column":59}},"84":{"start":{"line":216,"column":12},"end":{"line":224,"column":19}},"85":{"start":{"line":218,"column":20},"end":{"line":218,"column":66}},"86":{"start":{"line":219,"column":20},"end":{"line":219,"column":32}},"87":{"start":{"line":222,"column":20},"end":{"line":222,"column":32}},"88":{"start":{"line":223,"column":20},"end":{"line":223,"column":37}},"89":{"start":{"line":238,"column":0},"end":{"line":256,"column":1}},"90":{"start":{"line":239,"column":19},"end":{"line":239,"column":24}},"91":{"start":{"line":241,"column":4},"end":{"line":254,"column":7}},"92":{"start":{"line":244,"column":21},"end":{"line":244,"column":97}},"93":{"start":{"line":245,"column":8},"end":{"line":245,"column":31}},"94":{"start":{"line":246,"column":8},"end":{"line":246,"column":38}},"95":{"start":{"line":247,"column":8},"end":{"line":253,"column":9}},"96":{"start":{"line":248,"column":12},"end":{"line":248,"column":53}},"97":{"start":{"line":249,"column":12},"end":{"line":249,"column":30}},"98":{"start":{"line":251,"column":12},"end":{"line":251,"column":46}},"99":{"start":{"line":252,"column":12},"end":{"line":252,"column":56}},"100":{"start":{"line":266,"column":0},"end":{"line":284,"column":1}},"101":{"start":{"line":267,"column":14},"end":{"line":267,"column":16}},"102":{"start":{"line":268,"column":4},"end":{"line":282,"column":5}},"103":{"start":{"line":269,"column":18},"end":{"line":269,"column":30}},"104":{"start":{"line":270,"column":19},"end":{"line":270,"column":31}},"105":{"start":{"line":271,"column":8},"end":{"line":281,"column":9}},"106":{"start":{"line":272,"column":12},"end":{"line":272,"column":34}},"107":{"start":{"line":275,"column":12},"end":{"line":280,"column":13}},"108":{"start":{"line":276,"column":16},"end":{"line":276,"column":56}},"109":{"start":{"line":279,"column":16},"end":{"line":279,"column":31}},"110":{"start":{"line":283,"column":4},"end":{"line":283,"column":15}},"111":{"start":{"line":294,"column":0},"end":{"line":296,"column":1}},"112":{"start":{"line":295,"column":4},"end":{"line":295,"column":69}},"113":{"start":{"line":295,"column":41},"end":{"line":295,"column":65}},"114":{"start":{"line":307,"column":0},"end":{"line":362,"column":1}},"115":{"start":{"line":308,"column":4},"end":{"line":361,"column":7}},"116":{"start":{"line":309,"column":20},"end":{"line":309,"column":55}},"117":{"start":{"line":310,"column":8},"end":{"line":314,"column":9}},"118":{"start":{"line":311,"column":12},"end":{"line":311,"column":67}},"119":{"start":{"line":312,"column":12},"end":{"line":312,"column":35}},"120":{"start":{"line":313,"column":12},"end":{"line":313,"column":19}},"121":{"start":{"line":315,"column":8},"end":{"line":360,"column":9}},"122":{"start":{"line":316,"column":30},"end":{"line":316,"column":116}},"123":{"start":{"line":317,"column":38},"end":{"line":317,"column":94}},"124":{"start":{"line":318,"column":12},"end":{"line":356,"column":13}},"125":{"start":{"line":318,"column":35},"end":{"line":318,"column":84}},"126":{"start":{"line":320,"column":29},"end":{"line":320,"column":159}},"127":{"start":{"line":320,"column":96},"end":{"line":320,"column":145}},"128":{"start":{"line":323,"column":31},"end":{"line":323,"column":78}},"129":{"start":{"line":327,"column":27},"end":{"line":327,"column":37}},"130":{"start":{"line":328,"column":39},"end":{"line":328,"column":166}},"131":{"start":{"line":330,"column":16},"end":{"line":347,"column":19}},"132":{"start":{"line":331,"column":20},"end":{"line":331,"column":53}},"133":{"start":{"line":331,"column":29},"end":{"line":331,"column":53}},"134":{"start":{"line":333,"column":32},"end":{"line":333,"column":73}},"135":{"start":{"line":335,"column":20},"end":{"line":335,"column":83}},"136":{"start":{"line":336,"column":20},"end":{"line":336,"column":71}},"137":{"start":{"line":338,"column":20},"end":{"line":346,"column":23}},"138":{"start":{"line":339,"column":24},"end":{"line":339,"column":70}},"139":{"start":{"line":340,"column":24},"end":{"line":345,"column":64}},"140":{"start":{"line":342,"column":32},"end":{"line":342,"column":82}},"141":{"start":{"line":343,"column":32},"end":{"line":343,"column":55}},"142":{"start":{"line":345,"column":43},"end":{"line":345,"column":60}},"143":{"start":{"line":350,"column":16},"end":{"line":355,"column":56}},"144":{"start":{"line":352,"column":24},"end":{"line":352,"column":74}},"145":{"start":{"line":353,"column":24},"end":{"line":353,"column":47}},"146":{"start":{"line":355,"column":35},"end":{"line":355,"column":52}},"147":{"start":{"line":359,"column":12},"end":{"line":359,"column":30}},"148":{"start":{"line":371,"column":0},"end":{"line":375,"column":1}},"149":{"start":{"line":372,"column":18},"end":{"line":372,"column":67}},"150":{"start":{"line":373,"column":17},"end":{"line":373,"column":38}},"151":{"start":{"line":374,"column":4},"end":{"line":374,"column":18}}},"fnMap":{"0":{"name":"(anonymous_0)","decl":{"start":{"line":30,"column":24},"end":{"line":30,"column":25}},"loc":{"start":{"line":30,"column":30},"end":{"line":43,"column":1}},"line":30},"1":{"name":"(anonymous_1)","decl":{"start":{"line":31,"column":23},"end":{"line":31,"column":24}},"loc":{"start":{"line":31,"column":44},"end":{"line":42,"column":5}},"line":31},"2":{"name":"(anonymous_2)","decl":{"start":{"line":57,"column":18},"end":{"line":57,"column":19}},"loc":{"start":{"line":57,"column":28},"end":{"line":66,"column":1}},"line":57},"3":{"name":"(anonymous_3)","decl":{"start":{"line":76,"column":24},"end":{"line":76,"column":25}},"loc":{"start":{"line":76,"column":38},"end":{"line":83,"column":1}},"line":76},"4":{"name":"(anonymous_4)","decl":{"start":{"line":93,"column":31},"end":{"line":93,"column":32}},"loc":{"start":{"line":93,"column":45},"end":{"line":100,"column":1}},"line":93},"5":{"name":"(anonymous_5)","decl":{"start":{"line":110,"column":25},"end":{"line":110,"column":26}},"loc":{"start":{"line":110,"column":34},"end":{"line":118,"column":1}},"line":110},"6":{"name":"(anonymous_6)","decl":{"start":{"line":114,"column":19},"end":{"line":114,"column":20}},"loc":{"start":{"line":114,"column":27},"end":{"line":114,"column":45}},"line":114},"7":{"name":"(anonymous_7)","decl":{"start":{"line":131,"column":35},"end":{"line":131,"column":36}},"loc":{"start":{"line":131,"column":64},"end":{"line":191,"column":1}},"line":131},"8":{"name":"(anonymous_8)","decl":{"start":{"line":148,"column":48},"end":{"line":148,"column":49}},"loc":{"start":{"line":148,"column":65},"end":{"line":150,"column":9}},"line":148},"9":{"name":"(anonymous_9)","decl":{"start":{"line":168,"column":46},"end":{"line":168,"column":47}},"loc":{"start":{"line":168,"column":63},"end":{"line":174,"column":5}},"line":168},"10":{"name":"(anonymous_10)","decl":{"start":{"line":170,"column":32},"end":{"line":170,"column":33}},"loc":{"start":{"line":170,"column":45},"end":{"line":172,"column":9}},"line":170},"11":{"name":"(anonymous_11)","decl":{"start":{"line":179,"column":17},"end":{"line":179,"column":18}},"loc":{"start":{"line":179,"column":40},"end":{"line":187,"column":5}},"line":179},"12":{"name":"(anonymous_12)","decl":{"start":{"line":180,"column":30},"end":{"line":180,"column":31}},"loc":{"start":{"line":180,"column":49},"end":{"line":184,"column":9}},"line":180},"13":{"name":"(anonymous_13)","decl":{"start":{"line":203,"column":24},"end":{"line":203,"column":25}},"loc":{"start":{"line":203,"column":45},"end":{"line":227,"column":1}},"line":203},"14":{"name":"(anonymous_14)","decl":{"start":{"line":209,"column":23},"end":{"line":209,"column":24}},"loc":{"start":{"line":209,"column":36},"end":{"line":226,"column":5}},"line":209},"15":{"name":"(anonymous_15)","decl":{"start":{"line":211,"column":44},"end":{"line":211,"column":45}},"loc":{"start":{"line":211,"column":53},"end":{"line":214,"column":9}},"line":211},"16":{"name":"(anonymous_16)","decl":{"start":{"line":214,"column":17},"end":{"line":214,"column":18}},"loc":{"start":{"line":214,"column":26},"end":{"line":225,"column":9}},"line":214},"17":{"name":"(anonymous_17)","decl":{"start":{"line":217,"column":22},"end":{"line":217,"column":23}},"loc":{"start":{"line":217,"column":28},"end":{"line":220,"column":17}},"line":217},"18":{"name":"(anonymous_18)","decl":{"start":{"line":221,"column":23},"end":{"line":221,"column":24}},"loc":{"start":{"line":221,"column":32},"end":{"line":224,"column":17}},"line":221},"19":{"name":"(anonymous_19)","decl":{"start":{"line":238,"column":27},"end":{"line":238,"column":28}},"loc":{"start":{"line":238,"column":47},"end":{"line":256,"column":1}},"line":238},"20":{"name":"(anonymous_20)","decl":{"start":{"line":241,"column":23},"end":{"line":241,"column":24}},"loc":{"start":{"line":241,"column":42},"end":{"line":254,"column":5}},"line":241},"21":{"name":"(anonymous_21)","decl":{"start":{"line":266,"column":20},"end":{"line":266,"column":21}},"loc":{"start":{"line":266,"column":42},"end":{"line":284,"column":1}},"line":266},"22":{"name":"(anonymous_22)","decl":{"start":{"line":294,"column":21},"end":{"line":294,"column":22}},"loc":{"start":{"line":294,"column":43},"end":{"line":296,"column":1}},"line":294},"23":{"name":"(anonymous_23)","decl":{"start":{"line":295,"column":23},"end":{"line":295,"column":24}},"loc":{"start":{"line":295,"column":39},"end":{"line":295,"column":67}},"line":295},"24":{"name":"(anonymous_24)","decl":{"start":{"line":307,"column":27},"end":{"line":307,"column":28}},"loc":{"start":{"line":307,"column":64},"end":{"line":362,"column":1}},"line":307},"25":{"name":"(anonymous_25)","decl":{"start":{"line":308,"column":23},"end":{"line":308,"column":24}},"loc":{"start":{"line":308,"column":44},"end":{"line":361,"column":5}},"line":308},"26":{"name":"(anonymous_26)","decl":{"start":{"line":318,"column":29},"end":{"line":318,"column":30}},"loc":{"start":{"line":318,"column":35},"end":{"line":318,"column":84}},"line":318},"27":{"name":"(anonymous_27)","decl":{"start":{"line":320,"column":90},"end":{"line":320,"column":91}},"loc":{"start":{"line":320,"column":96},"end":{"line":320,"column":145}},"line":320},"28":{"name":"(anonymous_28)","decl":{"start":{"line":330,"column":98},"end":{"line":330,"column":99}},"loc":{"start":{"line":330,"column":113},"end":{"line":347,"column":17}},"line":330},"29":{"name":"(anonymous_29)","decl":{"start":{"line":338,"column":53},"end":{"line":338,"column":54}},"loc":{"start":{"line":338,"column":59},"end":{"line":346,"column":21}},"line":338},"30":{"name":"(anonymous_30)","decl":{"start":{"line":341,"column":28},"end":{"line":341,"column":29}},"loc":{"start":{"line":341,"column":34},"end":{"line":344,"column":29}},"line":341},"31":{"name":"(anonymous_31)","decl":{"start":{"line":345,"column":32},"end":{"line":345,"column":33}},"loc":{"start":{"line":345,"column":41},"end":{"line":345,"column":62}},"line":345},"32":{"name":"(anonymous_32)","decl":{"start":{"line":351,"column":20},"end":{"line":351,"column":21}},"loc":{"start":{"line":351,"column":26},"end":{"line":354,"column":21}},"line":351},"33":{"name":"(anonymous_33)","decl":{"start":{"line":355,"column":24},"end":{"line":355,"column":25}},"loc":{"start":{"line":355,"column":33},"end":{"line":355,"column":54}},"line":355},"34":{"name":"(anonymous_34)","decl":{"start":{"line":371,"column":26},"end":{"line":371,"column":27}},"loc":{"start":{"line":371,"column":35},"end":{"line":375,"column":1}},"line":371}},"branchMap":{"0":{"loc":{"start":{"line":59,"column":4},"end":{"line":65,"column":5}},"type":"if","locations":[{"start":{"line":59,"column":4},"end":{"line":65,"column":5}},{"start":{"line":59,"column":4},"end":{"line":65,"column":5}}],"line":59},"1":{"loc":{"start":{"line":60,"column":8},"end":{"line":62,"column":9}},"type":"if","locations":[{"start":{"line":60,"column":8},"end":{"line":62,"column":9}},{"start":{"line":60,"column":8},"end":{"line":62,"column":9}}],"line":60},"2":{"loc":{"start":{"line":80,"column":10},"end":{"line":80,"column":47}},"type":"binary-expr","locations":[{"start":{"line":80,"column":10},"end":{"line":80,"column":13}},{"start":{"line":80,"column":17},"end":{"line":80,"column":47}}],"line":80},"3":{"loc":{"start":{"line":97,"column":17},"end":{"line":97,"column":41}},"type":"binary-expr","locations":[{"start":{"line":97,"column":17},"end":{"line":97,"column":27}},{"start":{"line":97,"column":31},"end":{"line":97,"column":41}}],"line":97},"4":{"loc":{"start":{"line":139,"column":4},"end":{"line":142,"column":5}},"type":"if","locations":[{"start":{"line":139,"column":4},"end":{"line":142,"column":5}},{"start":{"line":139,"column":4},"end":{"line":142,"column":5}}],"line":139},"5":{"loc":{"start":{"line":147,"column":4},"end":{"line":156,"column":5}},"type":"if","locations":[{"start":{"line":147,"column":4},"end":{"line":156,"column":5}},{"start":{"line":147,"column":4},"end":{"line":156,"column":5}}],"line":147},"6":{"loc":{"start":{"line":160,"column":27},"end":{"line":160,"column":44}},"type":"binary-expr","locations":[{"start":{"line":160,"column":27},"end":{"line":160,"column":39}},{"start":{"line":160,"column":43},"end":{"line":160,"column":44}}],"line":160},"7":{"loc":{"start":{"line":161,"column":4},"end":{"line":165,"column":5}},"type":"if","locations":[{"start":{"line":161,"column":4},"end":{"line":165,"column":5}},{"start":{"line":161,"column":4},"end":{"line":165,"column":5}}],"line":161},"8":{"loc":{"start":{"line":161,"column":8},"end":{"line":161,"column":135}},"type":"binary-expr","locations":[{"start":{"line":161,"column":8},"end":{"line":161,"column":45}},{"start":{"line":161,"column":49},"end":{"line":161,"column":97}},{"start":{"line":161,"column":101},"end":{"line":161,"column":135}}],"line":161},"9":{"loc":{"start":{"line":182,"column":28},"end":{"line":182,"column":73}},"type":"cond-expr","locations":[{"start":{"line":182,"column":49},"end":{"line":182,"column":62}},{"start":{"line":182,"column":65},"end":{"line":182,"column":73}}],"line":182},"10":{"loc":{"start":{"line":245,"column":17},"end":{"line":245,"column":30}},"type":"binary-expr","locations":[{"start":{"line":245,"column":17},"end":{"line":245,"column":23}},{"start":{"line":245,"column":27},"end":{"line":245,"column":30}}],"line":245},"11":{"loc":{"start":{"line":247,"column":8},"end":{"line":253,"column":9}},"type":"if","locations":[{"start":{"line":247,"column":8},"end":{"line":253,"column":9}},{"start":{"line":247,"column":8},"end":{"line":253,"column":9}}],"line":247},"12":{"loc":{"start":{"line":247,"column":12},"end":{"line":247,"column":44}},"type":"binary-expr","locations":[{"start":{"line":247,"column":12},"end":{"line":247,"column":26}},{"start":{"line":247,"column":30},"end":{"line":247,"column":44}}],"line":247},"13":{"loc":{"start":{"line":248,"column":23},"end":{"line":248,"column":52}},"type":"cond-expr","locations":[{"start":{"line":248,"column":40},"end":{"line":248,"column":44}},{"start":{"line":248,"column":47},"end":{"line":248,"column":52}}],"line":248},"14":{"loc":{"start":{"line":271,"column":8},"end":{"line":281,"column":9}},"type":"if","locations":[{"start":{"line":271,"column":8},"end":{"line":281,"column":9}},{"start":{"line":271,"column":8},"end":{"line":281,"column":9}}],"line":271},"15":{"loc":{"start":{"line":271,"column":12},"end":{"line":271,"column":94}},"type":"binary-expr","locations":[{"start":{"line":271,"column":12},"end":{"line":271,"column":35}},{"start":{"line":271,"column":39},"end":{"line":271,"column":50}},{"start":{"line":271,"column":54},"end":{"line":271,"column":78}},{"start":{"line":271,"column":82},"end":{"line":271,"column":94}}],"line":271},"16":{"loc":{"start":{"line":275,"column":12},"end":{"line":280,"column":13}},"type":"if","locations":[{"start":{"line":275,"column":12},"end":{"line":280,"column":13}},{"start":{"line":275,"column":12},"end":{"line":280,"column":13}}],"line":275},"17":{"loc":{"start":{"line":275,"column":16},"end":{"line":275,"column":67}},"type":"binary-expr","locations":[{"start":{"line":275,"column":16},"end":{"line":275,"column":39}},{"start":{"line":275,"column":43},"end":{"line":275,"column":67}}],"line":275},"18":{"loc":{"start":{"line":310,"column":8},"end":{"line":314,"column":9}},"type":"if","locations":[{"start":{"line":310,"column":8},"end":{"line":314,"column":9}},{"start":{"line":310,"column":8},"end":{"line":314,"column":9}}],"line":310},"19":{"loc":{"start":{"line":318,"column":12},"end":{"line":356,"column":13}},"type":"if","locations":[{"start":{"line":318,"column":12},"end":{"line":356,"column":13}},{"start":{"line":318,"column":12},"end":{"line":356,"column":13}}],"line":318},"20":{"loc":{"start":{"line":331,"column":20},"end":{"line":331,"column":53}},"type":"if","locations":[{"start":{"line":331,"column":20},"end":{"line":331,"column":53}},{"start":{"line":331,"column":20},"end":{"line":331,"column":53}}],"line":331},"21":{"loc":{"start":{"line":373,"column":17},"end":{"line":373,"column":38}},"type":"binary-expr","locations":[{"start":{"line":373,"column":17},"end":{"line":373,"column":24}},{"start":{"line":373,"column":28},"end":{"line":373,"column":38}}],"line":373}},"s":{"0":1,"1":1,"2":1,"3":1,"4":1,"5":1,"6":1,"7":1,"8":1,"9":1,"10":1,"11":1,"12":1,"13":1,"14":1,"15":1,"16":1,"17":1,"18":0,"19":1,"20":1,"21":8,"22":0,"23":0,"24":8,"25":1,"26":1,"27":1,"28":1,"29":1,"30":1,"31":1,"32":1,"33":1,"34":1,"35":1,"36":2,"37":2,"38":2,"39":2,"40":1,"41":2,"42":2,"43":2,"44":2,"45":0,"46":0,"47":2,"48":2,"49":1,"50":2,"51":1,"52":1,"53":1,"54":2,"55":2,"56":2,"57":2,"58":2,"59":0,"60":0,"61":0,"62":2,"63":4,"64":4,"65":8,"66":4,"67":2,"68":2,"69":4,"70":8,"71":8,"72":8,"73":4,"74":2,"75":2,"76":1,"77":0,"78":0,"79":0,"80":0,"81":0,"82":0,"83":0,"84":0,"85":0,"86":0,"87":0,"88":0,"89":1,"90":0,"91":0,"92":0,"93":0,"94":0,"95":0,"96":0,"97":0,"98":0,"99":0,"100":1,"101":0,"102":0,"103":0,"104":0,"105":0,"106":0,"107":0,"108":0,"109":0,"110":0,"111":1,"112":0,"113":0,"114":1,"115":0,"116":0,"117":0,"118":0,"119":0,"120":0,"121":0,"122":0,"123":0,"124":0,"125":0,"126":0,"127":0,"128":0,"129":0,"130":0,"131":0,"132":0,"133":0,"134":0,"135":0,"136":0,"137":0,"138":0,"139":0,"140":0,"141":0,"142":0,"143":0,"144":0,"145":0,"146":0,"147":0,"148":1,"149":0,"150":0,"151":0},"f":{"0":1,"1":1,"2":8,"3":1,"4":1,"5":2,"6":2,"7":2,"8":2,"9":4,"10":8,"11":4,"12":8,"13":0,"14":0,"15":0,"16":0,"17":0,"18":0,"19":0,"20":0,"21":0,"22":0,"23":0,"24":0,"25":0,"26":0,"27":0,"28":0,"29":0,"30":0,"31":0,"32":0,"33":0,"34":0},"b":{"0":[0,8],"1":[0,0],"2":[1,0],"3":[1,0],"4":[0,2],"5":[1,1],"6":[2,0],"7":[0,2],"8":[2,2,2],"9":[4,4],"10":[0,0],"11":[0,0],"12":[0,0],"13":[0,0],"14":[0,0],"15":[0,0,0,0],"16":[0,0],"17":[0,0],"18":[0,0],"19":[0,0],"20":[0,0],"21":[0,0]},"_coverageSchema":"1a1c01bbd47fc00a2c39e90264f33305004495a9","hash":"d43a85d852a11f8a6407ec5d1f3b2d94afe89fcf"}
}
