TN:
SF:fx.js
FN:30,(anonymous_0)
FN:31,(anonymous_1)
FN:57,(anonymous_2)
FN:76,(anonymous_3)
FN:93,(anonymous_4)
FN:110,(anonymous_5)
FN:114,(anonymous_6)
FN:131,(anonymous_7)
FN:148,(anonymous_8)
FN:168,(anonymous_9)
FN:170,(anonymous_10)
FN:179,(anonymous_11)
FN:180,(anonymous_12)
FN:203,(anonymous_13)
FN:209,(anonymous_14)
FN:211,(anonymous_15)
FN:214,(anonymous_16)
FN:217,(anonymous_17)
FN:221,(anonymous_18)
FN:238,(anonymous_19)
FN:241,(anonymous_20)
FN:266,(anonymous_21)
FN:294,(anonymous_22)
FN:295,(anonymous_23)
FN:307,(anonymous_24)
FN:308,(anonymous_25)
FN:318,(anonymous_26)
FN:320,(anonymous_27)
FN:330,(anonymous_28)
FN:338,(anonymous_29)
FN:341,(anonymous_30)
FN:345,(anonymous_31)
FN:351,(anonymous_32)
FN:355,(anonymous_33)
FN:371,(anonymous_34)
FNF:35
FNH:13
FNDA:1,(anonymous_0)
FNDA:1,(anonymous_1)
FNDA:8,(anonymous_2)
FNDA:1,(anonymous_3)
FNDA:1,(anonymous_4)
FNDA:2,(anonymous_5)
FNDA:2,(anonymous_6)
FNDA:2,(anonymous_7)
FNDA:2,(anonymous_8)
FNDA:4,(anonymous_9)
FNDA:8,(anonymous_10)
FNDA:4,(anonymous_11)
FNDA:8,(anonymous_12)
FNDA:0,(anonymous_13)
FNDA:0,(anonymous_14)
FNDA:0,(anonymous_15)
FNDA:0,(anonymous_16)
FNDA:0,(anonymous_17)
FNDA:0,(anonymous_18)
FNDA:0,(anonymous_19)
FNDA:0,(anonymous_20)
FNDA:0,(anonymous_21)
FNDA:0,(anonymous_22)
FNDA:0,(anonymous_23)
FNDA:0,(anonymous_24)
FNDA:0,(anonymous_25)
FNDA:0,(anonymous_26)
FNDA:0,(anonymous_27)
FNDA:0,(anonymous_28)
FNDA:0,(anonymous_29)
FNDA:0,(anonymous_30)
FNDA:0,(anonymous_31)
FNDA:0,(anonymous_32)
FNDA:0,(anonymous_33)
FNDA:0,(anonymous_34)
DA:6,1
DA:7,1
DA:8,1
DA:9,1
DA:10,1
DA:11,1
DA:12,1
DA:13,1
DA:14,1
DA:15,1
DA:19,1
DA:20,1
DA:21,1
DA:30,1
DA:31,1
DA:32,1
DA:33,1
DA:38,1
DA:40,0
DA:56,1
DA:57,1
DA:59,8
DA:60,0
DA:61,0
DA:64,8
DA:76,1
DA:79,1
DA:80,1
DA:81,1
DA:82,1
DA:93,1
DA:96,1
DA:97,1
DA:98,1
DA:99,1
DA:110,1
DA:111,2
DA:114,2
DA:116,2
DA:117,2
DA:131,1
DA:133,2
DA:134,2
DA:136,2
DA:139,2
DA:140,0
DA:141,0
DA:144,2
DA:147,2
DA:148,1
DA:149,2
DA:152,1
DA:153,1
DA:154,2
DA:158,2
DA:159,2
DA:160,2
DA:161,2
DA:162,0
DA:163,0
DA:164,0
DA:168,2
DA:169,4
DA:170,4
DA:171,8
DA:173,4
DA:177,2
DA:179,2
DA:180,4
DA:181,8
DA:182,8
DA:183,8
DA:185,4
DA:188,2
DA:189,2
DA:203,1
DA:206,0
DA:207,0
DA:209,0
DA:211,0
DA:212,0
DA:213,0
DA:215,0
DA:216,0
DA:218,0
DA:219,0
DA:222,0
DA:223,0
DA:238,1
DA:239,0
DA:241,0
DA:244,0
DA:245,0
DA:246,0
DA:247,0
DA:248,0
DA:249,0
DA:251,0
DA:252,0
DA:266,1
DA:267,0
DA:268,0
DA:269,0
DA:270,0
DA:271,0
DA:272,0
DA:275,0
DA:276,0
DA:279,0
DA:283,0
DA:294,1
DA:295,0
DA:307,1
DA:308,0
DA:309,0
DA:310,0
DA:311,0
DA:312,0
DA:313,0
DA:315,0
DA:316,0
DA:317,0
DA:318,0
DA:320,0
DA:323,0
DA:327,0
DA:328,0
DA:330,0
DA:331,0
DA:333,0
DA:335,0
DA:336,0
DA:338,0
DA:339,0
DA:340,0
DA:342,0
DA:343,0
DA:345,0
DA:350,0
DA:352,0
DA:353,0
DA:355,0
DA:359,0
DA:371,1
DA:372,0
DA:373,0
DA:374,0
LF:147
LH:73
BRDA:59,0,0,0
BRDA:59,0,1,8
BRDA:60,1,0,0
BRDA:60,1,1,0
BRDA:80,2,0,1
BRDA:80,2,1,0
BRDA:97,3,0,1
BRDA:97,3,1,0
BRDA:139,4,0,0
BRDA:139,4,1,2
BRDA:147,5,0,1
BRDA:147,5,1,1
BRDA:160,6,0,2
BRDA:160,6,1,0
BRDA:161,7,0,0
BRDA:161,7,1,2
BRDA:161,8,0,2
BRDA:161,8,1,2
BRDA:161,8,2,2
BRDA:182,9,0,4
BRDA:182,9,1,4
BRDA:245,10,0,0
BRDA:245,10,1,0
BRDA:247,11,0,0
BRDA:247,11,1,0
BRDA:247,12,0,0
BRDA:247,12,1,0
BRDA:248,13,0,0
BRDA:248,13,1,0
BRDA:271,14,0,0
BRDA:271,14,1,0
BRDA:271,15,0,0
BRDA:271,15,1,0
BRDA:271,15,2,0
BRDA:271,15,3,0
BRDA:275,16,0,0
BRDA:275,16,1,0
BRDA:275,17,0,0
BRDA:275,17,1,0
BRDA:310,18,0,0
BRDA:310,18,1,0
BRDA:318,19,0,0
BRDA:318,19,1,0
BRDA:331,20,0,0
BRDA:331,20,1,0
BRDA:373,21,0,0
BRDA:373,21,1,0
BRF:47
BRH:13
end_of_record
